0 info it worked if it ends with ok
1 verbose cli [ '/usr/local/bin/node', '/usr/local/bin/npm', 'publish', './' ]
2 info using npm@3.9.0
3 info using node@v5.11.0
4 verbose publish [ './' ]
5 silly cache add args [ './', null ]
6 verbose cache add spec ./
7 silly cache add parsed spec Result {
7 silly cache add   raw: './',
7 silly cache add   scope: null,
7 silly cache add   name: null,
7 silly cache add   rawSpec: './',
7 silly cache add   spec: '/Users/marctroesken/Code/miccro',
7 silly cache add   type: 'directory' }
8 verbose addLocalDirectory /Users/marctroesken/.npm/miccro/0.1.0/package.tgz not in flight; packing
9 verbose correctMkdir /Users/marctroesken/.npm correctMkdir not in flight; initializing
10 info lifecycle miccro@0.1.0~prepublish: miccro@0.1.0
11 silly lifecycle miccro@0.1.0~prepublish: no script for prepublish, continuing
12 verbose tar pack [ '/Users/marctroesken/.npm/miccro/0.1.0/package.tgz',
12 verbose tar pack   '/Users/marctroesken/Code/miccro' ]
13 verbose tarball /Users/marctroesken/.npm/miccro/0.1.0/package.tgz
14 verbose folder /Users/marctroesken/Code/miccro
15 verbose addLocalTarball adding from inside cache /Users/marctroesken/.npm/miccro/0.1.0/package.tgz
16 verbose correctMkdir /Users/marctroesken/.npm correctMkdir not in flight; initializing
17 silly cache afterAdd miccro@0.1.0
18 verbose afterAdd /Users/marctroesken/.npm/miccro/0.1.0/package/package.json not in flight; writing
19 verbose correctMkdir /Users/marctroesken/.npm correctMkdir not in flight; initializing
20 verbose afterAdd /Users/marctroesken/.npm/miccro/0.1.0/package/package.json written
21 silly publish { name: 'miccro',
21 silly publish   version: '0.1.0',
21 silly publish   description: 'Easy node command line tool for miccro framework.',
21 silly publish   main: 'index.js',
21 silly publish   scripts: { test: 'test' },
21 silly publish   bin: { miccro: 'index.js' },
21 silly publish   keywords:
21 silly publish    [ 'miccro',
21 silly publish      'micro',
21 silly publish      'nodejs',
21 silly publish      'node',
21 silly publish      'framework',
21 silly publish      'commandline',
21 silly publish      'tool' ],
21 silly publish   author: { name: 'Marc Trösken' },
21 silly publish   license: 'ISC',
21 silly publish   dependencies: { chalk: '^1.1.3', commander: '^2.9.0' },
21 silly publish   readme: '# vice\nEasy command line tool for nodvice framework!\n',
21 silly publish   readmeFilename: 'README.md',
21 silly publish   gitHead: 'c5ee1b11ceb92ba058c0426409d042b867830242',
21 silly publish   _id: 'miccro@0.1.0',
21 silly publish   _shasum: 'd1afb761a11e5e27008474592da9eb4d71bda79d',
21 silly publish   _from: '.' }
22 verbose getPublishConfig undefined
23 silly mapToRegistry name miccro
24 silly mapToRegistry using default registry
25 silly mapToRegistry registry https://registry.npmjs.org/
26 silly mapToRegistry data Result {
26 silly mapToRegistry   raw: 'miccro',
26 silly mapToRegistry   scope: null,
26 silly mapToRegistry   name: 'miccro',
26 silly mapToRegistry   rawSpec: '',
26 silly mapToRegistry   spec: 'latest',
26 silly mapToRegistry   type: 'tag' }
27 silly mapToRegistry uri https://registry.npmjs.org/miccro
28 verbose publish registryBase https://registry.npmjs.org/
29 silly publish uploading /Users/marctroesken/.npm/miccro/0.1.0/package.tgz
30 verbose request uri https://registry.npmjs.org/miccro
31 verbose request sending authorization for write operation
32 info attempt registry request try #1 at 19:29:15
33 verbose request using bearer token for auth
34 verbose request id 69c46b1f4e1c4313
35 http request PUT https://registry.npmjs.org/miccro
36 http 403 https://registry.npmjs.org/miccro
37 verbose headers { 'content-type': 'application/json',
37 verbose headers   'cache-control': 'max-age=300',
37 verbose headers   'content-length': '95',
37 verbose headers   'accept-ranges': 'bytes',
37 verbose headers   date: 'Thu, 19 May 2016 17:29:17 GMT',
37 verbose headers   via: '1.1 varnish',
37 verbose headers   connection: 'keep-alive',
37 verbose headers   'x-served-by': 'cache-fra1222-FRA',
37 verbose headers   'x-cache': 'MISS',
37 verbose headers   'x-cache-hits': '0',
37 verbose headers   'x-timer': 'S1463678956.241077,VS0,VE1097',
37 verbose headers   vary: 'Accept-Encoding' }
38 verbose request invalidating /Users/marctroesken/.npm/registry.npmjs.org/miccro on PUT
39 error publish Failed PUT 403
40 verbose stack Error: "You cannot publish over the previously published version 0.1.0." : miccro
40 verbose stack     at makeError (/usr/local/lib/node_modules/npm/node_modules/npm-registry-client/lib/request.js:264:12)
40 verbose stack     at CachingRegistryClient.<anonymous> (/usr/local/lib/node_modules/npm/node_modules/npm-registry-client/lib/request.js:252:14)
40 verbose stack     at Request._callback (/usr/local/lib/node_modules/npm/node_modules/npm-registry-client/lib/request.js:172:14)
40 verbose stack     at Request.self.callback (/usr/local/lib/node_modules/npm/node_modules/request/request.js:200:22)
40 verbose stack     at emitTwo (events.js:100:13)
40 verbose stack     at Request.emit (events.js:185:7)
40 verbose stack     at Request.<anonymous> (/usr/local/lib/node_modules/npm/node_modules/request/request.js:1067:10)
40 verbose stack     at emitOne (events.js:95:20)
40 verbose stack     at Request.emit (events.js:182:7)
40 verbose stack     at IncomingMessage.<anonymous> (/usr/local/lib/node_modules/npm/node_modules/request/request.js:988:12)
41 verbose statusCode 403
42 verbose pkgid miccro
43 verbose cwd /Users/marctroesken/Code/miccro
44 error Darwin 15.5.0
45 error argv "/usr/local/bin/node" "/usr/local/bin/npm" "publish" "./"
46 error node v5.11.0
47 error npm  v3.9.0
48 error code E403
49 error "You cannot publish over the previously published version 0.1.0." : miccro
50 error If you need help, you may report this error at:
50 error     <https://github.com/npm/npm/issues>
51 verbose exit [ 1, true ]
